<?xml version="1.0" encoding="UTF-8"?>
<!-- Generated by org.testng.reporters.JUnitXMLReporter -->
<testsuite ignored="0" hostname="DESKTOP-M5S4UPJ" failures="0" tests="2" name="edge test" time="13.999" errors="0" timestamp="2023-11-12T19:51:29 PST">
  <testcase classname="day28.ParamTest" name="@BeforeClass setup" time="-1.699847475758E9">
    <failure type="org.testng.TestNGException" message="
Parameter &amp;apos;url&amp;apos; is required by BeforeClass on method setup but has not been marked @Optional or defined
in D:\e drive\AutomationProgram\seleniumproject\src\test\java\day28\testng.xml">
      <![CDATA[org.testng.TestNGException: 
Parameter 'url' is required by BeforeClass on method setup but has not been marked @Optional or defined
in D:\e drive\AutomationProgram\seleniumproject\src\test\java\day28\testng.xml
at java.base/java.util.ArrayList.forEach(ArrayList.java:1541)
at java.base/java.util.concurrent.FutureTask.run(FutureTask.java:264)
at java.base/java.util.concurrent.ThreadPoolExecutor.runWorker(ThreadPoolExecutor.java:1128)
at java.base/java.util.concurrent.ThreadPoolExecutor$Worker.run(ThreadPoolExecutor.java:628)
at java.base/java.lang.Thread.run(Thread.java:834)
... Removed 12 stack frames]]>
    </failure>
  </testcase> <!-- @BeforeClass setup -->
  <testcase classname="day28.ParamTest" name="@AfterClass closeApp" time="0.0">
    <skipped/>
  </testcase> <!-- @AfterClass closeApp -->
  <testcase classname="day28.ParamTest" name="testLogo" time="0.173"/>
  <testcase classname="day28.ParamTest" name="testHomePageTitle" time="0.016"/>
</testsuite> <!-- edge test -->
